<?xml version="1.0" encoding="UTF-8"?>
<!-- Generated by org.testng.reporters.JUnitXMLReporter -->
<testsuite ignored="0" hostname="HAT" failures="0" tests="9" name="Default test" time="0.06" errors="0" timestamp="2024-05-02T11:15:25 CDT">
  <testcase classname="com.qa.runner.TestNgPriority" name="testG" time="0.01"/>
  <testcase classname="com.qa.runner.TestNgPriority" name="testA" time="0.0"/>
  <testcase classname="com.qa.runner.TestNgPriority" name="testB" time="0.001"/>
  <testcase classname="com.qa.runner.TestNgPriority" name="testD" time="0.001"/>
  <testcase classname="com.qa.runner.TestNgPriority" name="testF" time="0.0"/>
  <testcase classname="com.qa.runner.TestNgPriority" name="testReadDataProvider" time="0.007"/>
  <testcase classname="com.qa.runner.TestNgPriority" name="testReadDataProvider" time="0.001"/>
  <testcase classname="com.qa.runner.TestNgPriority" name="testZ" time="0.0"/>
  <testcase classname="com.qa.runner.TestNgPriority" name="testC" time="0.001"/>
</testsuite> <!-- Default test -->
