<?xml version="1.0" encoding="UTF-8"?>
<!-- Generated by org.testng.reporters.JUnitXMLReporter -->
<testsuite ignored="8" hostname="HAT" failures="0" tests="9" name="TestOne" time="0.049" errors="0" timestamp="2024-02-28T10:49:04 CST">
  <testcase classname="com.qa.testcases.testNg.TestNgBase" name="@BeforeClass beforeClass" time="0.0">
    <failure type="java.lang.NullPointerException">
      <![CDATA[java.lang.NullPointerException
at com.qa.testcases.testNg.TestNgBase.beforeClass(TestNgBase.java:71)
at java.base/java.util.ArrayList.forEach(ArrayList.java:1541)
... Removed 25 stack frames]]>
    </failure>
  </testcase> <!-- @BeforeClass beforeClass -->
  <testcase classname="com.qa.testcases.testNg.TestNgBase" name="@BeforeMethod beforeMethod" time="-1.709138944277E9">
    <skipped/>
  </testcase> <!-- @BeforeMethod beforeMethod -->
  <testcase classname="com.qa.testcases.testNg.TestNgBase" name="@AfterMethod afterMethod" time="-1.709138944281E9">
    <skipped/>
  </testcase> <!-- @AfterMethod afterMethod -->
  <testcase classname="com.qa.testcases.testNg.TestNgBase" name="@BeforeMethod beforeMethod" time="-1.709138944283E9">
    <skipped/>
  </testcase> <!-- @BeforeMethod beforeMethod -->
  <testcase classname="com.qa.testcases.testNg.TestNgBase" name="@AfterMethod afterMethod" time="-1.709138944285E9">
    <skipped/>
  </testcase> <!-- @AfterMethod afterMethod -->
  <testcase classname="com.qa.testcases.testNg.TestNgBase" name="@BeforeMethod beforeMethod" time="-1.709138944286E9">
    <skipped/>
  </testcase> <!-- @BeforeMethod beforeMethod -->
  <testcase classname="com.qa.testcases.testNg.TestNgBase" name="@AfterMethod afterMethod" time="-1.709138944288E9">
    <skipped/>
  </testcase> <!-- @AfterMethod afterMethod -->
  <testcase classname="com.qa.testcases.testNg.TestNgBase" name="@AfterClass afterClass" time="-1.709138944288E9">
    <skipped/>
  </testcase> <!-- @AfterClass afterClass -->
  <testcase classname="com.qa.testcases.testNg.TestNgBase" name="@BeforeClass beforeClass" time="0.001">
    <failure type="java.lang.NullPointerException">
      <![CDATA[java.lang.NullPointerException
at com.qa.testcases.testNg.TestNgBase.beforeClass(TestNgBase.java:71)
at java.base/java.util.ArrayList.forEach(ArrayList.java:1541)
... Removed 25 stack frames]]>
    </failure>
  </testcase> <!-- @BeforeClass beforeClass -->
  <testcase classname="com.qa.testcases.testNg.TestNgBase" name="@BeforeMethod beforeMethod" time="-1.709138944292E9">
    <skipped/>
  </testcase> <!-- @BeforeMethod beforeMethod -->
  <testcase classname="com.qa.testcases.testNg.TestNgBase" name="@AfterMethod afterMethod" time="-1.709138944294E9">
    <skipped/>
  </testcase> <!-- @AfterMethod afterMethod -->
  <testcase classname="com.qa.testcases.testNg.TestNgBase" name="@AfterClass afterClass" time="-1.709138944302E9">
    <skipped/>
  </testcase> <!-- @AfterClass afterClass -->
  <testcase classname="com.qa.testcases.testNg.TestNgBase" name="@AfterTest afterTest" time="-1.709138944302E9">
    <skipped/>
  </testcase> <!-- @AfterTest afterTest -->
  <testcase classname="com.qa.testcases.testNg.TestNgClass" name="testa" time="0.0">
    <skipped/>
  </testcase> <!-- testa -->
  <testcase classname="com.qa.testcases.testNg.TestNgClass" name="testb" time="0.0">
    <skipped/>
  </testcase> <!-- testb -->
  <testcase classname="com.qa.testcases.testNg.TestNgClass" name="testc" time="0.0">
    <skipped/>
  </testcase> <!-- testc -->
  <testcase classname="com.qa.testcases.testNg.TestNgLogin" name="registration" time="0.0">
    <skipped/>
  </testcase> <!-- registration -->
  <testcase classname="com.qa.testcases.testNg.TestNgLogin" name="login" time="0.0">
    <skipped/>
  </testcase> <!-- login -->
  <testcase classname="com.qa.testcases.testNg.TestNgLogin" name="search" time="0.0">
    <skipped/>
  </testcase> <!-- search -->
  <testcase classname="com.qa.testcases.testNg.TestNgLogin" name="exceptionHandling" time="0.0">
    <skipped/>
  </testcase> <!-- exceptionHandling -->
  <testcase classname="com.qa.testcases.testNg.TestNgLogin" name="logout" time="0.0">
    <skipped/>
  </testcase> <!-- logout -->
  <testcase classname="com.qa.testcases.testNg.TestNgLogin" name="treminate" time="0.0">
    <skipped/>
  </testcase> <!-- treminate -->
  <testcase classname="com.qa.testcases.testNg.TestNgBase" name="@BeforeTest beforeTest" time="0.0">
    <ignored/>
  </testcase> <!-- @BeforeTest beforeTest -->
  <testcase classname="com.qa.testcases.testNg.TestNgBase" name="@BeforeTest beforeTest" time="0.0">
    <ignored/>
  </testcase> <!-- @BeforeTest beforeTest -->
  <testcase classname="com.qa.testcases.testNg.TestNgBase" name="@AfterTest afterTest" time="0.0">
    <ignored/>
  </testcase> <!-- @AfterTest afterTest -->
  <testcase classname="com.qa.testcases.testNg.TestNgBase" name="@AfterTest afterTest" time="0.0">
    <ignored/>
  </testcase> <!-- @AfterTest afterTest -->
  <testcase classname="com.qa.testcases.testNg.TestNgBase" name="@BeforeSuite beforeTestSuite" time="0.0">
    <ignored/>
  </testcase> <!-- @BeforeSuite beforeTestSuite -->
  <testcase classname="com.qa.testcases.testNg.TestNgBase" name="@BeforeSuite beforeTestSuite" time="0.0">
    <ignored/>
  </testcase> <!-- @BeforeSuite beforeTestSuite -->
  <testcase classname="com.qa.testcases.testNg.TestNgBase" name="@AfterSuite afterSuite" time="0.0">
    <ignored/>
  </testcase> <!-- @AfterSuite afterSuite -->
  <testcase classname="com.qa.testcases.testNg.TestNgBase" name="@AfterSuite afterSuite" time="0.0">
    <ignored/>
  </testcase> <!-- @AfterSuite afterSuite -->
</testsuite> <!-- TestOne -->
