<?xml version="1.0" encoding="UTF-8"?>
<testng-results ignored="0" total="9" passed="9" failed="0" skipped="0">
  <reporter-output>
  </reporter-output>
  <suite started-at="2024-05-02T11:15:25 CDT" name="Default suite" finished-at="2024-05-02T11:15:25 CDT" duration-ms="60">
    <groups>
    </groups>
    <test started-at="2024-05-02T11:15:25 CDT" name="Default test" finished-at="2024-05-02T11:15:25 CDT" duration-ms="60">
      <class name="com.qa.runner.TestNgPriority">
        <test-method signature="testG()[pri:-1, instance:com.qa.runner.TestNgPriority@32eff876]" started-at="2024-05-02T11:15:25 CDT" name="testG" finished-at="2024-05-02T11:15:25 CDT" duration-ms="10" status="PASS">
          <reporter-output>
          </reporter-output>
        </test-method> <!-- testG -->
        <test-method signature="testA()[pri:0, instance:com.qa.runner.TestNgPriority@32eff876]" started-at="2024-05-02T11:15:25 CDT" name="testA" finished-at="2024-05-02T11:15:25 CDT" duration-ms="0" status="PASS">
          <reporter-output>
          </reporter-output>
        </test-method> <!-- testA -->
        <test-method signature="testB()[pri:0, instance:com.qa.runner.TestNgPriority@32eff876]" started-at="2024-05-02T11:15:25 CDT" name="testB" finished-at="2024-05-02T11:15:25 CDT" duration-ms="1" status="PASS">
          <reporter-output>
          </reporter-output>
        </test-method> <!-- testB -->
        <test-method signature="testD()[pri:0, instance:com.qa.runner.TestNgPriority@32eff876]" started-at="2024-05-02T11:15:25 CDT" name="testD" finished-at="2024-05-02T11:15:25 CDT" duration-ms="1" status="PASS">
          <reporter-output>
          </reporter-output>
        </test-method> <!-- testD -->
        <test-method signature="testF()[pri:-1, instance:com.qa.runner.TestNgPriority@32eff876]" started-at="2024-05-02T11:15:25 CDT" name="testF" finished-at="2024-05-02T11:15:25 CDT" depends-on-methods="com.qa.runner.TestNgPriority.testD" duration-ms="0" status="PASS">
          <reporter-output>
          </reporter-output>
        </test-method> <!-- testF -->
        <test-method signature="testReadDataProvider(int,int,int)[pri:0, instance:com.qa.runner.TestNgPriority@32eff876]" started-at="2024-05-02T11:15:25 CDT" name="testReadDataProvider" data-provider="inputdata" finished-at="2024-05-02T11:15:25 CDT" duration-ms="7" status="PASS">
          <params>
            <param index="0">
              <value>
                <![CDATA[1]]>
              </value>
            </param>
            <param index="1">
              <value>
                <![CDATA[2]]>
              </value>
            </param>
            <param index="2">
              <value>
                <![CDATA[3]]>
              </value>
            </param>
          </params>
          <reporter-output>
          </reporter-output>
        </test-method> <!-- testReadDataProvider -->
        <test-method signature="testReadDataProvider(int,int,int)[pri:0, instance:com.qa.runner.TestNgPriority@32eff876]" started-at="2024-05-02T11:15:25 CDT" name="testReadDataProvider" data-provider="inputdata" finished-at="2024-05-02T11:15:25 CDT" duration-ms="1" status="PASS">
          <params>
            <param index="0">
              <value>
                <![CDATA[5]]>
              </value>
            </param>
            <param index="1">
              <value>
                <![CDATA[6]]>
              </value>
            </param>
            <param index="2">
              <value>
                <![CDATA[7]]>
              </value>
            </param>
          </params>
          <reporter-output>
          </reporter-output>
        </test-method> <!-- testReadDataProvider -->
        <test-method signature="testZ()[pri:0, instance:com.qa.runner.TestNgPriority@32eff876]" started-at="2024-05-02T11:15:25 CDT" name="testZ" finished-at="2024-05-02T11:15:25 CDT" duration-ms="0" status="PASS">
          <reporter-output>
          </reporter-output>
        </test-method> <!-- testZ -->
        <test-method signature="testC()[pri:1, instance:com.qa.runner.TestNgPriority@32eff876]" started-at="2024-05-02T11:15:25 CDT" name="testC" finished-at="2024-05-02T11:15:25 CDT" duration-ms="1" status="PASS">
          <reporter-output>
          </reporter-output>
        </test-method> <!-- testC -->
      </class> <!-- com.qa.runner.TestNgPriority -->
    </test> <!-- Default test -->
  </suite> <!-- Default suite -->
</testng-results>
